TN:
SF:src\config.ts
FNF:11
FNH:11
DA:1,24
DA:7,65
DA:12,36
DA:13,90
DA:14,55
DA:15,14
DA:16,9
DA:17,7
DA:18,11
DA:19,22
DA:20,110
DA:21,4
DA:22,113
DA:23,19
DA:24,9
DA:25,113
DA:26,3
DA:31,35
DA:32,99
DA:33,3
DA:57,28
DA:58,43
DA:59,33
DA:60,16
DA:61,2
DA:63,16
DA:64,185
DA:65,1
DA:71,9
DA:72,48
DA:73,33
DA:74,59
DA:75,54
DA:76,2
DA:78,6
DA:84,9
DA:85,39
DA:86,35
DA:87,6
DA:88,77
DA:89,68
DA:90,12
DA:91,71
DA:92,22
DA:93,56
DA:94,7
DA:95,6
DA:96,32
DA:97,67
DA:98,1
DA:99,3
DA:100,2
DA:106,9
DA:107,26
DA:108,16
DA:109,78
DA:111,40
DA:112,36
DA:113,36
DA:114,34
DA:115,2
DA:116,2
DA:118,39
DA:124,16
DA:125,30
DA:126,36
DA:127,47
DA:128,12
DA:129,2
DA:130,2
DA:131,6
DA:137,21
DA:138,29
DA:139,15
DA:140,2
DA:142,31
DA:143,38
DA:149,12
DA:150,51
DA:151,25
DA:152,16
DA:153,107
DA:154,1
DA:155,2
DA:156,18
DA:162,11
DA:163,20
DA:164,19
DA:165,60
DA:166,34
DA:167,2
DA:168,10
LF:92
LH:92
end_of_record
TN:
SF:src\discord.ts
FNF:16
FNH:15
DA:1,59
DA:38,30
DA:39,8
DA:40,6
DA:41,2
DA:46,21
DA:51,28
DA:56,56
DA:61,20
DA:62,85
DA:109,27
DA:110,19
DA:111,42
DA:112,19
DA:113,28
DA:114,38
DA:115,44
DA:116,4
DA:118,33
DA:119,76
DA:120,2
DA:122,29
DA:123,47
DA:124,36
DA:125,56
DA:126,2
DA:127,2
DA:129,13
DA:135,6
DA:136,12
DA:137,7
DA:138,9
DA:139,7
DA:140,3
DA:141,51
DA:142,21
DA:143,20
DA:144,32
DA:145,32
DA:146,4
DA:148,63
DA:149,30
DA:150,49
DA:151,66
DA:152,70
DA:153,67
DA:155,65
DA:156,42
DA:157,16
DA:158,58
DA:159,1
DA:160,4
DA:161,6
DA:162,2
DA:164,40
DA:165,16
DA:166,61
DA:167,1
DA:168,1
DA:174,1
DA:175,12
DA:176,9
DA:177,7
DA:178,3
DA:179,41
DA:180,37
DA:181,39
DA:182,59
DA:184,9
DA:185,68
DA:186,21
DA:187,54
DA:188,36
DA:189,29
DA:190,7
DA:191,39
DA:192,41
DA:193,19
DA:194,82
DA:195,5
DA:196,26
DA:197,47
DA:204,6
DA:205,11
DA:206,3
DA:207,46
DA:208,48
DA:209,17
DA:210,47
DA:217,13
DA:218,9
DA:219,33
DA:220,41
DA:221,57
DA:222,3
DA:223,11
DA:224,53
DA:227,51
DA:233,10
DA:234,9
DA:235,36
DA:236,14
DA:237,11
DA:238,9
DA:245,10
DA:246,48
DA:252,15
DA:253,33
DA:254,29
DA:255,11
DA:256,2
DA:257,47
DA:263,11
DA:264,55
DA:270,11
DA:271,13
DA:272,25
DA:273,24
DA:274,24
DA:275,26
DA:276,25
DA:277,25
DA:283,11
DA:284,44
LF:124
LH:124
end_of_record
TN:
SF:src\feed.ts
FNF:7
FNH:7
DA:1,32
DA:57,28
DA:58,14
DA:59,36
DA:60,8
DA:61,72
DA:62,4
DA:63,15
DA:64,3
DA:69,13
DA:70,13
DA:71,9
DA:72,39
DA:73,19
DA:74,92
DA:77,20
DA:78,33
DA:79,30
DA:85,10
DA:86,56
DA:87,59
DA:88,30
DA:89,50
DA:90,4
DA:92,12
DA:93,7
DA:94,10
DA:95,26
DA:96,79
DA:97,12
DA:98,43
DA:99,1
DA:105,11
DA:106,22
DA:107,9
DA:108,2
DA:110,38
DA:111,33
DA:112,12
DA:113,2
DA:114,40
DA:120,11
DA:121,44
LF:43
LH:43
end_of_record
TN:
SF:src\logger.ts
FNF:12
FNH:12
DA:1,106
DA:2,66
DA:17,38
DA:18,24
DA:19,22
DA:20,22
DA:21,20
DA:22,4
DA:27,34
DA:28,38
DA:29,34
DA:30,40
DA:31,38
DA:32,40
DA:33,42
DA:34,32
DA:35,4
DA:40,44
DA:41,42
DA:42,42
DA:43,44
DA:44,36
DA:45,4
DA:54,13
DA:55,88
DA:56,97
DA:57,10
DA:62,64
DA:63,90
DA:69,64
DA:70,90
DA:76,65
DA:77,97
DA:83,6
DA:84,14
DA:85,18
DA:86,19
DA:87,10
DA:88,107
DA:89,17
DA:90,9
DA:92,96
DA:93,103
DA:99,14
DA:100,14
DA:101,18
DA:102,20
DA:103,10
DA:104,94
DA:105,74
DA:106,116
DA:107,78
DA:108,57
DA:109,59
DA:110,139
DA:111,13
DA:112,82
DA:113,4
DA:114,26
DA:115,298
DA:117,89
DA:118,48
DA:119,27
DA:120,58
DA:127,12
DA:128,14
DA:129,18
DA:130,19
DA:131,10
DA:132,22
DA:133,104
DA:134,46
DA:135,88
DA:136,28
DA:137,38
DA:138,113
DA:139,16
DA:140,92
DA:141,76
DA:142,150
DA:143,63
DA:144,154
DA:145,11
DA:146,21
DA:147,73
DA:150,2
DA:155,65
DA:160,36
DA:161,90
DA:162,54
DA:163,40
DA:164,42
DA:165,32
DA:166,41
DA:172,41
DA:173,65
DA:174,43
DA:175,5
DA:176,71
DA:177,27
DA:178,3
DA:179,31
LF:102
LH:102
end_of_record
TN:
SF:src\main.ts
FNF:16
FNH:15
DA:1,59
DA:2,64
DA:3,41
DA:4,55
DA:5,38
DA:6,37
DA:7,35
DA:13,24
DA:18,23
DA:23,35
DA:28,36
DA:117,30
DA:118,13
DA:119,15
DA:120,12
DA:121,13
DA:122,14
DA:123,8
DA:124,7
DA:125,1
DA:130,6
DA:131,49
DA:132,29
DA:133,9
DA:134,4
DA:140,15
DA:141,22
DA:143,28
DA:144,28
DA:145,19
DA:146,2
DA:147,2
DA:149,19
DA:155,6
DA:156,30
DA:157,35
DA:158,3
DA:159,16
DA:160,37
DA:161,46
DA:167,6
DA:168,9
DA:169,35
DA:170,3
DA:171,55
DA:172,43
DA:173,21
DA:175,82
DA:176,31
DA:177,16
DA:178,5
DA:180,41
DA:181,49
DA:182,50
DA:184,17
DA:185,18
DA:186,32
DA:187,62
DA:188,1
DA:189,6
DA:190,38
DA:191,6
DA:192,2
DA:194,101
DA:195,18
DA:196,32
DA:197,63
DA:198,1
DA:199,4
DA:200,85
DA:206,6
DA:207,12
DA:208,7
DA:209,8
DA:210,35
DA:211,3
DA:212,60
DA:213,76
DA:214,26
DA:215,38
DA:216,5
DA:218,61
DA:220,28
DA:221,11
DA:222,65
DA:223,13
DA:224,10
DA:226,61
DA:227,2
DA:233,6
DA:234,12
DA:235,7
DA:236,8
DA:237,35
DA:238,3
DA:239,69
DA:241,12
DA:242,9
DA:243,56
DA:244,19
DA:245,85
DA:246,28
DA:247,9
DA:248,7
DA:249,8
DA:252,29
DA:253,66
DA:254,4
DA:255,31
DA:256,73
DA:257,6
DA:258,2
DA:260,82
DA:261,26
DA:262,24
DA:263,5
DA:265,43
DA:266,26
DA:267,6
DA:268,4
DA:270,60
DA:271,11
DA:272,31
DA:273,23
DA:274,7
DA:275,16
DA:276,6
DA:277,8
DA:278,52
DA:279,42
DA:280,30
DA:281,23
DA:282,8
DA:283,21
DA:284,63
DA:285,30
DA:286,26
DA:287,11
DA:288,9
DA:289,10
DA:292,11
DA:293,66
DA:294,13
DA:295,8
DA:297,1
LF:145
LH:145
end_of_record
TN:
SF:src\store.ts
FNF:17
FNH:17
DA:1,124
DA:2,71
DA:21,1
DA:26,13
DA:27,54
DA:28,95
DA:29,10
DA:34,20
DA:35,24
DA:36,22
DA:37,91
DA:38,42
DA:39,63
DA:40,19
DA:41,13
DA:42,206
DA:45,22
DA:46,74
DA:47,89
DA:48,42
DA:49,195
DA:56,53
DA:57,116
DA:63,54
DA:64,82
DA:65,42
DA:66,106
DA:67,64
DA:73,27
DA:74,110
DA:75,111
DA:76,36
DA:82,20
DA:83,114
DA:84,32
DA:85,22
DA:86,82
DA:87,12
DA:88,12
DA:90,2
DA:95,48
DA:96,48
DA:97,12
DA:98,5
DA:100,36
DA:101,105
DA:102,61
DA:103,116
DA:104,5
DA:105,5
DA:106,25
DA:112,40
DA:113,14
DA:114,38
DA:115,38
DA:116,49
DA:123,38
DA:124,103
DA:130,41
DA:131,108
LF:60
LH:60
end_of_record
